# JRE version: OpenJDK Runtime Environment (8.0_152-b06) (build 1.8.0_152-release-1136-b06)
# Java VM: OpenJDK 64-Bit Server VM (25.152-b06 mixed mode windows-amd64 compressed oops)
Heap:
 PSYoungGen      total 152064K, used 76403K [0x00000000e0000000, 0x00000000eac80000, 0x0000000100000000)
  eden space 137728K, 55% used [0x00000000e0000000,0x00000000e4a9cd00,0x00000000e8680000)
  from space 14336K, 0% used [0x00000000e9600000,0x00000000e9600000,0x00000000ea400000)
  to   space 15872K, 0% used [0x00000000e8680000,0x00000000e8680000,0x00000000e9600000)
 ParOldGen       total 135168K, used 36738K [0x00000000a0000000, 0x00000000a8400000, 0x00000000e0000000)
  object space 135168K, 27% used [0x00000000a0000000,0x00000000a23e0948,0x00000000a8400000)
 Metaspace       used 59905K, capacity 61639K, committed 61912K, reserved 1101824K
  class space    used 8179K, capacity 8617K, committed 8704K, reserved 1048576K
GC Heap History (10 events):
Event: 8.255 GC heap before
{Heap before GC invocations=11 (full 2):
 PSYoungGen      total 89600K, used 6687K [0x00000000e0000000, 0x00000000e8480000, 0x0000000100000000)
  eden space 78336K, 0% used [0x00000000e0000000,0x00000000e0000000,0x00000000e4c80000)
  from space 11264K, 59% used [0x00000000e4c80000,0x00000000e5307ef8,0x00000000e5780000)
  to   space 10752K, 0% used [0x00000000e7a00000,0x00000000e7a00000,0x00000000e8480000)
 ParOldGen       total 61440K, used 10168K [0x00000000a0000000, 0x00000000a3c00000, 0x00000000e0000000)
  object space 61440K, 16% used [0x00000000a0000000,0x00000000a09ee218,0x00000000a3c00000)
 Metaspace       used 34715K, capacity 35269K, committed 35416K, reserved 1079296K
  class space    used 4803K, capacity 4992K, committed 4992K, reserved 1048576K
Event: 8.337 GC heap after
Heap after GC invocations=11 (full 2):
 PSYoungGen      total 89600K, used 0K [0x00000000e0000000, 0x00000000e8480000, 0x0000000100000000)
  eden space 78336K, 0% used [0x00000000e0000000,0x00000000e0000000,0x00000000e4c80000)
  from space 11264K, 0% used [0x00000000e4c80000,0x00000000e4c80000,0x00000000e5780000)
  to   space 10752K, 0% used [0x00000000e7a00000,0x00000000e7a00000,0x00000000e8480000)
 ParOldGen       total 86016K, used 14736K [0x00000000a0000000, 0x00000000a5400000, 0x00000000e0000000)
  object space 86016K, 17% used [0x00000000a0000000,0x00000000a0e64148,0x00000000a5400000)
 Metaspace       used 34715K, capacity 35269K, committed 35416K, reserved 1079296K
  class space    used 4803K, capacity 4992K, committed 4992K, reserved 1048576K
}
Event: 10.714 GC heap before
{Heap before GC invocations=12 (full 2):
 PSYoungGen      total 89600K, used 78336K [0x00000000e0000000, 0x00000000e8480000, 0x0000000100000000)
  eden space 78336K, 100% used [0x00000000e0000000,0x00000000e4c80000,0x00000000e4c80000)
  from space 11264K, 0% used [0x00000000e4c80000,0x00000000e4c80000,0x00000000e5780000)
  to   space 10752K, 0% used [0x00000000e7a00000,0x00000000e7a00000,0x00000000e8480000)
 ParOldGen       total 86016K, used 14736K [0x00000000a0000000, 0x00000000a5400000, 0x00000000e0000000)
  object space 86016K, 17% used [0x00000000a0000000,0x00000000a0e64148,0x00000000a5400000)
 Metaspace       used 39244K, capacity 39929K, committed 40152K, reserved 1083392K
  class space    used 5362K, capacity 5603K, committed 5632K, reserved 1048576K
Event: 10.721 GC heap after
Heap after GC invocations=12 (full 2):
 PSYoungGen      total 113664K, used 7790K [0x00000000e0000000, 0x00000000e8200000, 0x0000000100000000)
  eden space 105472K, 0% used [0x00000000e0000000,0x00000000e0000000,0x00000000e6700000)
  from space 8192K, 95% used [0x00000000e7a00000,0x00000000e819ba40,0x00000000e8200000)
  to   space 10752K, 0% used [0x00000000e6d00000,0x00000000e6d00000,0x00000000e7780000)
 ParOldGen       total 86016K, used 14744K [0x00000000a0000000, 0x00000000a5400000, 0x00000000e0000000)
  object space 86016K, 17% used [0x00000000a0000000,0x00000000a0e66148,0x00000000a5400000)
 Metaspace       used 39244K, capacity 39929K, committed 40152K, reserved 1083392K
  class space    used 5362K, capacity 5603K, committed 5632K, reserved 1048576K
}
Event: 12.067 GC heap before
{Heap before GC invocations=13 (full 2):
 PSYoungGen      total 113664K, used 113262K [0x00000000e0000000, 0x00000000e8200000, 0x0000000100000000)
  eden space 105472K, 100% used [0x00000000e0000000,0x00000000e6700000,0x00000000e6700000)
  from space 8192K, 95% used [0x00000000e7a00000,0x00000000e819ba40,0x00000000e8200000)
  to   space 10752K, 0% used [0x00000000e6d00000,0x00000000e6d00000,0x00000000e7780000)
 ParOldGen       total 86016K, used 14744K [0x00000000a0000000, 0x00000000a5400000, 0x00000000e0000000)
  object space 86016K, 17% used [0x00000000a0000000,0x00000000a0e66148,0x00000000a5400000)
 Metaspace       used 47878K, capacity 48819K, committed 48984K, reserved 1091584K
  class space    used 6440K, capacity 6751K, committed 6784K, reserved 1048576K
Event: 12.080 GC heap after
Heap after GC invocations=13 (full 2):
 PSYoungGen      total 122368K, used 10751K [0x00000000e0000000, 0x00000000ea400000, 0x0000000100000000)
  eden space 111616K, 0% used [0x00000000e0000000,0x00000000e0000000,0x00000000e6d00000)
  from space 10752K, 99% used [0x00000000e6d00000,0x00000000e777fcd8,0x00000000e7780000)
  to   space 14336K, 0% used [0x00000000e9600000,0x00000000e9600000,0x00000000ea400000)
 ParOldGen       total 86016K, used 20660K [0x00000000a0000000, 0x00000000a5400000, 0x00000000e0000000)
  object space 86016K, 24% used [0x00000000a0000000,0x00000000a142d008,0x00000000a5400000)
 Metaspace       used 47878K, capacity 48819K, committed 48984K, reserved 1091584K
  class space    used 6440K, capacity 6751K, committed 6784K, reserved 1048576K
}
Event: 13.896 GC heap before
{Heap before GC invocations=14 (full 2):
 PSYoungGen      total 122368K, used 122124K [0x00000000e0000000, 0x00000000ea400000, 0x0000000100000000)
  eden space 111616K, 99% used [0x00000000e0000000,0x00000000e6cc3630,0x00000000e6d00000)
  from space 10752K, 99% used [0x00000000e6d00000,0x00000000e777fcd8,0x00000000e7780000)
  to   space 14336K, 0% used [0x00000000e9600000,0x00000000e9600000,0x00000000ea400000)
 ParOldGen       total 86016K, used 20660K [0x00000000a0000000, 0x00000000a5400000, 0x00000000e0000000)
  object space 86016K, 24% used [0x00000000a0000000,0x00000000a142d008,0x00000000a5400000)
 Metaspace       used 57209K, capacity 58895K, committed 58968K, reserved 1099776K
  class space    used 7811K, capacity 8261K, committed 8320K, reserved 1048576K
Event: 13.911 GC heap after
Heap after GC invocations=14 (full 2):
 PSYoungGen      total 152064K, used 13548K [0x00000000e0000000, 0x00000000eac80000, 0x0000000100000000)
  eden space 137728K, 0% used [0x00000000e0000000,0x00000000e0000000,0x00000000e8680000)
  from space 14336K, 94% used [0x00000000e9600000,0x00000000ea33b300,0x00000000ea400000)
  to   space 15872K, 0% used [0x00000000e8680000,0x00000000e8680000,0x00000000e9600000)
 ParOldGen       total 86016K, used 26533K [0x00000000a0000000, 0x00000000a5400000, 0x00000000e0000000)
  object space 86016K, 30% used [0x00000000a0000000,0x00000000a19e97c0,0x00000000a5400000)
 Metaspace       used 57209K, capacity 58895K, committed 58968K, reserved 1099776K
  class space    used 7811K, capacity 8261K, committed 8320K, reserved 1048576K
}
Event: 13.911 GC heap before
{Heap before GC invocations=15 (full 3):
 PSYoungGen      total 152064K, used 13548K [0x00000000e0000000, 0x00000000eac80000, 0x0000000100000000)
  eden space 137728K, 0% used [0x00000000e0000000,0x00000000e0000000,0x00000000e8680000)
  from space 14336K, 94% used [0x00000000e9600000,0x00000000ea33b300,0x00000000ea400000)
  to   space 15872K, 0% used [0x00000000e8680000,0x00000000e8680000,0x00000000e9600000)
 ParOldGen       total 86016K, used 26533K [0x00000000a0000000, 0x00000000a5400000, 0x00000000e0000000)
  object space 86016K, 30% used [0x00000000a0000000,0x00000000a19e97c0,0x00000000a5400000)
 Metaspace       used 57209K, capacity 58895K, committed 58968K, reserved 1099776K
  class space    used 7811K, capacity 8261K, committed 8320K, reserved 1048576K
Event: 14.152 GC heap after
Heap after GC invocations=15 (full 3):
 PSYoungGen      total 152064K, used 0K [0x00000000e0000000, 0x00000000eac80000, 0x0000000100000000)
  eden space 137728K, 0% used [0x00000000e0000000,0x00000000e0000000,0x00000000e8680000)
  from space 14336K, 0% used [0x00000000e9600000,0x00000000e9600000,0x00000000ea400000)
  to   space 15872K, 0% used [0x00000000e8680000,0x00000000e8680000,0x00000000e9600000)
 ParOldGen       total 135168K, used 36738K [0x00000000a0000000, 0x00000000a8400000, 0x00000000e0000000)
  object space 135168K, 27% used [0x00000000a0000000,0x00000000a23e0948,0x00000000a8400000)
 Metaspace       used 57209K, capacity 58895K, committed 58968K, reserved 1099776K
  class space    used 7811K, capacity 8261K, committed 8320K, reserved 1048576K
}

