# JRE version: OpenJDK Runtime Environment (8.0_152-b06) (build 1.8.0_152-release-1136-b06)
# Java VM: OpenJDK 64-Bit Server VM (25.152-b06 mixed mode windows-amd64 compressed oops)
Heap:
 PSYoungGen      total 134144K, used 21205K [0x00000000eab00000, 0x00000000f4f00000, 0x0000000100000000)
  eden space 119808K, 5% used [0x00000000eab00000,0x00000000eb1b5ce8,0x00000000f2000000)
  from space 14336K, 99% used [0x00000000f3280000,0x00000000f407f9b0,0x00000000f4080000)
  to   space 18944K, 0% used [0x00000000f2000000,0x00000000f2000000,0x00000000f3280000)
 ParOldGen       total 92160K, used 27545K [0x00000000c0000000, 0x00000000c5a00000, 0x00000000eab00000)
  object space 92160K, 29% used [0x00000000c0000000,0x00000000c1ae64a0,0x00000000c5a00000)
 Metaspace       used 55913K, capacity 57481K, committed 57816K, reserved 1099776K
  class space    used 7643K, capacity 8068K, committed 8192K, reserved 1048576K
GC Heap History (10 events):
Event: 10.212 GC heap before
{Heap before GC invocations=10 (full 1):
 PSYoungGen      total 86016K, used 22279K [0x00000000eab00000, 0x00000000f1900000, 0x0000000100000000)
  eden space 76288K, 16% used [0x00000000eab00000,0x00000000eb749c58,0x00000000ef580000)
  from space 9728K, 99% used [0x00000000f0080000,0x00000000f09f8318,0x00000000f0a00000)
  to   space 11264K, 0% used [0x00000000ef580000,0x00000000ef580000,0x00000000f0080000)
 ParOldGen       total 60928K, used 8414K [0x00000000c0000000, 0x00000000c3b80000, 0x00000000eab00000)
  object space 60928K, 13% used [0x00000000c0000000,0x00000000c0837a38,0x00000000c3b80000)
 Metaspace       used 34687K, capacity 35205K, committed 35416K, reserved 1079296K
  class space    used 4802K, capacity 4992K, committed 4992K, reserved 1048576K
Event: 10.220 GC heap after
Heap after GC invocations=10 (full 1):
 PSYoungGen      total 87552K, used 8366K [0x00000000eab00000, 0x00000000f2800000, 0x0000000100000000)
  eden space 76288K, 0% used [0x00000000eab00000,0x00000000eab00000,0x00000000ef580000)
  from space 11264K, 74% used [0x00000000ef580000,0x00000000efdabbf0,0x00000000f0080000)
  to   space 11264K, 0% used [0x00000000f1d00000,0x00000000f1d00000,0x00000000f2800000)
 ParOldGen       total 60928K, used 8422K [0x00000000c0000000, 0x00000000c3b80000, 0x00000000eab00000)
  object space 60928K, 13% used [0x00000000c0000000,0x00000000c0839a38,0x00000000c3b80000)
 Metaspace       used 34687K, capacity 35205K, committed 35416K, reserved 1079296K
  class space    used 4802K, capacity 4992K, committed 4992K, reserved 1048576K
}
Event: 10.220 GC heap before
{Heap before GC invocations=11 (full 2):
 PSYoungGen      total 87552K, used 8366K [0x00000000eab00000, 0x00000000f2800000, 0x0000000100000000)
  eden space 76288K, 0% used [0x00000000eab00000,0x00000000eab00000,0x00000000ef580000)
  from space 11264K, 74% used [0x00000000ef580000,0x00000000efdabbf0,0x00000000f0080000)
  to   space 11264K, 0% used [0x00000000f1d00000,0x00000000f1d00000,0x00000000f2800000)
 ParOldGen       total 60928K, used 8422K [0x00000000c0000000, 0x00000000c3b80000, 0x00000000eab00000)
  object space 60928K, 13% used [0x00000000c0000000,0x00000000c0839a38,0x00000000c3b80000)
 Metaspace       used 34687K, capacity 35205K, committed 35416K, reserved 1079296K
  class space    used 4802K, capacity 4992K, committed 4992K, reserved 1048576K
Event: 10.311 GC heap after
Heap after GC invocations=11 (full 2):
 PSYoungGen      total 87552K, used 0K [0x00000000eab00000, 0x00000000f2800000, 0x0000000100000000)
  eden space 76288K, 0% used [0x00000000eab00000,0x00000000eab00000,0x00000000ef580000)
  from space 11264K, 0% used [0x00000000ef580000,0x00000000ef580000,0x00000000f0080000)
  to   space 11264K, 0% used [0x00000000f1d00000,0x00000000f1d00000,0x00000000f2800000)
 ParOldGen       total 92160K, used 14828K [0x00000000c0000000, 0x00000000c5a00000, 0x00000000eab00000)
  object space 92160K, 16% used [0x00000000c0000000,0x00000000c0e7b258,0x00000000c5a00000)
 Metaspace       used 34687K, capacity 35205K, committed 35416K, reserved 1079296K
  class space    used 4802K, capacity 4992K, committed 4992K, reserved 1048576K
}
Event: 11.705 GC heap before
{Heap before GC invocations=12 (full 2):
 PSYoungGen      total 87552K, used 76288K [0x00000000eab00000, 0x00000000f2800000, 0x0000000100000000)
  eden space 76288K, 100% used [0x00000000eab00000,0x00000000ef580000,0x00000000ef580000)
  from space 11264K, 0% used [0x00000000ef580000,0x00000000ef580000,0x00000000f0080000)
  to   space 11264K, 0% used [0x00000000f1d00000,0x00000000f1d00000,0x00000000f2800000)
 ParOldGen       total 92160K, used 14828K [0x00000000c0000000, 0x00000000c5a00000, 0x00000000eab00000)
  object space 92160K, 16% used [0x00000000c0000000,0x00000000c0e7b258,0x00000000c5a00000)
 Metaspace       used 39067K, capacity 39731K, committed 39896K, reserved 1083392K
  class space    used 5341K, capacity 5602K, committed 5632K, reserved 1048576K
Event: 11.718 GC heap after
Heap after GC invocations=12 (full 2):
 PSYoungGen      total 105472K, used 7616K [0x00000000eab00000, 0x00000000f2480000, 0x0000000100000000)
  eden space 97792K, 0% used [0x00000000eab00000,0x00000000eab00000,0x00000000f0a80000)
  from space 7680K, 99% used [0x00000000f1d00000,0x00000000f24701e0,0x00000000f2480000)
  to   space 11264K, 0% used [0x00000000f0e80000,0x00000000f0e80000,0x00000000f1980000)
 ParOldGen       total 92160K, used 14836K [0x00000000c0000000, 0x00000000c5a00000, 0x00000000eab00000)
  object space 92160K, 16% used [0x00000000c0000000,0x00000000c0e7d258,0x00000000c5a00000)
 Metaspace       used 39067K, capacity 39731K, committed 39896K, reserved 1083392K
  class space    used 5341K, capacity 5602K, committed 5632K, reserved 1048576K
}
Event: 13.784 GC heap before
{Heap before GC invocations=13 (full 2):
 PSYoungGen      total 105472K, used 105408K [0x00000000eab00000, 0x00000000f2480000, 0x0000000100000000)
  eden space 97792K, 100% used [0x00000000eab00000,0x00000000f0a80000,0x00000000f0a80000)
  from space 7680K, 99% used [0x00000000f1d00000,0x00000000f24701e0,0x00000000f2480000)
  to   space 11264K, 0% used [0x00000000f0e80000,0x00000000f0e80000,0x00000000f1980000)
 ParOldGen       total 92160K, used 14836K [0x00000000c0000000, 0x00000000c5a00000, 0x00000000eab00000)
  object space 92160K, 16% used [0x00000000c0000000,0x00000000c0e7d258,0x00000000c5a00000)
 Metaspace       used 47695K, capacity 48673K, committed 48984K, reserved 1091584K
  class space    used 6433K, capacity 6748K, committed 6784K, reserved 1048576K
Event: 13.811 GC heap after
Heap after GC invocations=13 (full 2):
 PSYoungGen      total 113152K, used 11233K [0x00000000eab00000, 0x00000000f4080000, 0x0000000100000000)
  eden space 101888K, 0% used [0x00000000eab00000,0x00000000eab00000,0x00000000f0e80000)
  from space 11264K, 99% used [0x00000000f0e80000,0x00000000f1978618,0x00000000f1980000)
  to   space 14336K, 0% used [0x00000000f3280000,0x00000000f3280000,0x00000000f4080000)
 ParOldGen       total 92160K, used 19927K [0x00000000c0000000, 0x00000000c5a00000, 0x00000000eab00000)
  object space 92160K, 21% used [0x00000000c0000000,0x00000000c1375fe8,0x00000000c5a00000)
 Metaspace       used 47695K, capacity 48673K, committed 48984K, reserved 1091584K
  class space    used 6433K, capacity 6748K, committed 6784K, reserved 1048576K
}
Event: 16.369 GC heap before
{Heap before GC invocations=14 (full 2):
 PSYoungGen      total 113152K, used 113121K [0x00000000eab00000, 0x00000000f4080000, 0x0000000100000000)
  eden space 101888K, 100% used [0x00000000eab00000,0x00000000f0e80000,0x00000000f0e80000)
  from space 11264K, 99% used [0x00000000f0e80000,0x00000000f1978618,0x00000000f1980000)
  to   space 14336K, 0% used [0x00000000f3280000,0x00000000f3280000,0x00000000f4080000)
 ParOldGen       total 92160K, used 19927K [0x00000000c0000000, 0x00000000c5a00000, 0x00000000eab00000)
  object space 92160K, 21% used [0x00000000c0000000,0x00000000c1375fe8,0x00000000c5a00000)
 Metaspace       used 55722K, capacity 57289K, committed 57560K, reserved 1099776K
  class space    used 7613K, capacity 8068K, committed 8192K, reserved 1048576K
Event: 16.405 GC heap after
Heap after GC invocations=14 (full 2):
 PSYoungGen      total 134144K, used 14334K [0x00000000eab00000, 0x00000000f4f00000, 0x0000000100000000)
  eden space 119808K, 0% used [0x00000000eab00000,0x00000000eab00000,0x00000000f2000000)
  from space 14336K, 99% used [0x00000000f3280000,0x00000000f407f9b0,0x00000000f4080000)
  to   space 18944K, 0% used [0x00000000f2000000,0x00000000f2000000,0x00000000f3280000)
 ParOldGen       total 92160K, used 27545K [0x00000000c0000000, 0x00000000c5a00000, 0x00000000eab00000)
  object space 92160K, 29% used [0x00000000c0000000,0x00000000c1ae64a0,0x00000000c5a00000)
 Metaspace       used 55722K, capacity 57289K, committed 57560K, reserved 1099776K
  class space    used 7613K, capacity 8068K, committed 8192K, reserved 1048576K
}

