# JRE version: OpenJDK Runtime Environment (8.0_152-b06) (build 1.8.0_152-release-1136-b06)
# Java VM: OpenJDK 64-Bit Server VM (25.152-b06 mixed mode windows-amd64 compressed oops)
Heap:
 PSYoungGen      total 59904K, used 35521K [0x00000000e0000000, 0x00000000e4480000, 0x0000000100000000)
  eden space 50688K, 58% used [0x00000000e0000000,0x00000000e1cebf80,0x00000000e3180000)
  from space 9216K, 64% used [0x00000000e3b80000,0x00000000e41444f0,0x00000000e4480000)
  to   space 9728K, 0% used [0x00000000e3180000,0x00000000e3180000,0x00000000e3b00000)
 ParOldGen       total 60928K, used 8328K [0x00000000a0000000, 0x00000000a3b80000, 0x00000000e0000000)
  object space 60928K, 13% used [0x00000000a0000000,0x00000000a08221e8,0x00000000a3b80000)
 Metaspace       used 29934K, capacity 30404K, committed 30464K, reserved 1075200K
  class space    used 4180K, capacity 4323K, committed 4352K, reserved 1048576K
GC Heap History (10 events):
Event: 4.425 GC heap before
{Heap before GC invocations=5 (full 0):
 PSYoungGen      total 38400K, used 24280K [0x00000000e0000000, 0x00000000e2a80000, 0x0000000100000000)
  eden space 33280K, 57% used [0x00000000e0000000,0x00000000e12be2e8,0x00000000e2080000)
  from space 5120K, 99% used [0x00000000e2580000,0x00000000e2a78040,0x00000000e2a80000)
  to   space 5120K, 0% used [0x00000000e2080000,0x00000000e2080000,0x00000000e2580000)
 ParOldGen       total 87552K, used 5211K [0x00000000a0000000, 0x00000000a5580000, 0x00000000e0000000)
  object space 87552K, 5% used [0x00000000a0000000,0x00000000a0516ed8,0x00000000a5580000)
 Metaspace       used 20837K, capacity 21244K, committed 21248K, reserved 1067008K
  class space    used 2919K, capacity 3072K, committed 3072K, reserved 1048576K
Event: 4.438 GC heap after
Heap after GC invocations=5 (full 0):
 PSYoungGen      total 38400K, used 5092K [0x00000000e0000000, 0x00000000e2a80000, 0x0000000100000000)
  eden space 33280K, 0% used [0x00000000e0000000,0x00000000e0000000,0x00000000e2080000)
  from space 5120K, 99% used [0x00000000e2080000,0x00000000e2579070,0x00000000e2580000)
  to   space 5120K, 0% used [0x00000000e2580000,0x00000000e2580000,0x00000000e2a80000)
 ParOldGen       total 87552K, used 8242K [0x00000000a0000000, 0x00000000a5580000, 0x00000000e0000000)
  object space 87552K, 9% used [0x00000000a0000000,0x00000000a080cad8,0x00000000a5580000)
 Metaspace       used 20837K, capacity 21244K, committed 21248K, reserved 1067008K
  class space    used 2919K, capacity 3072K, committed 3072K, reserved 1048576K
}
Event: 4.438 GC heap before
{Heap before GC invocations=6 (full 1):
 PSYoungGen      total 38400K, used 5092K [0x00000000e0000000, 0x00000000e2a80000, 0x0000000100000000)
  eden space 33280K, 0% used [0x00000000e0000000,0x00000000e0000000,0x00000000e2080000)
  from space 5120K, 99% used [0x00000000e2080000,0x00000000e2579070,0x00000000e2580000)
  to   space 5120K, 0% used [0x00000000e2580000,0x00000000e2580000,0x00000000e2a80000)
 ParOldGen       total 87552K, used 8242K [0x00000000a0000000, 0x00000000a5580000, 0x00000000e0000000)
  object space 87552K, 9% used [0x00000000a0000000,0x00000000a080cad8,0x00000000a5580000)
 Metaspace       used 20837K, capacity 21244K, committed 21248K, reserved 1067008K
  class space    used 2919K, capacity 3072K, committed 3072K, reserved 1048576K
Event: 4.492 GC heap after
Heap after GC invocations=6 (full 1):
 PSYoungGen      total 38400K, used 0K [0x00000000e0000000, 0x00000000e2a80000, 0x0000000100000000)
  eden space 33280K, 0% used [0x00000000e0000000,0x00000000e0000000,0x00000000e2080000)
  from space 5120K, 0% used [0x00000000e2080000,0x00000000e2080000,0x00000000e2580000)
  to   space 5120K, 0% used [0x00000000e2580000,0x00000000e2580000,0x00000000e2a80000)
 ParOldGen       total 60928K, used 8304K [0x00000000a0000000, 0x00000000a3b80000, 0x00000000e0000000)
  object space 60928K, 13% used [0x00000000a0000000,0x00000000a081c1e8,0x00000000a3b80000)
 Metaspace       used 20837K, capacity 21244K, committed 21248K, reserved 1067008K
  class space    used 2919K, capacity 3072K, committed 3072K, reserved 1048576K
}
Event: 5.102 GC heap before
{Heap before GC invocations=7 (full 1):
 PSYoungGen      total 38400K, used 33280K [0x00000000e0000000, 0x00000000e2a80000, 0x0000000100000000)
  eden space 33280K, 100% used [0x00000000e0000000,0x00000000e2080000,0x00000000e2080000)
  from space 5120K, 0% used [0x00000000e2080000,0x00000000e2080000,0x00000000e2580000)
  to   space 5120K, 0% used [0x00000000e2580000,0x00000000e2580000,0x00000000e2a80000)
 ParOldGen       total 60928K, used 8304K [0x00000000a0000000, 0x00000000a3b80000, 0x00000000e0000000)
  object space 60928K, 13% used [0x00000000a0000000,0x00000000a081c1e8,0x00000000a3b80000)
 Metaspace       used 23995K, capacity 24492K, committed 24832K, reserved 1071104K
  class space    used 3299K, capacity 3465K, committed 3584K, reserved 1048576K
Event: 5.107 GC heap after
Heap after GC invocations=7 (full 1):
 PSYoungGen      total 38400K, used 3927K [0x00000000e0000000, 0x00000000e2a80000, 0x0000000100000000)
  eden space 33280K, 0% used [0x00000000e0000000,0x00000000e0000000,0x00000000e2080000)
  from space 5120K, 76% used [0x00000000e2580000,0x00000000e2955f60,0x00000000e2a80000)
  to   space 5120K, 0% used [0x00000000e2080000,0x00000000e2080000,0x00000000e2580000)
 ParOldGen       total 60928K, used 8312K [0x00000000a0000000, 0x00000000a3b80000, 0x00000000e0000000)
  object space 60928K, 13% used [0x00000000a0000000,0x00000000a081e1e8,0x00000000a3b80000)
 Metaspace       used 23995K, capacity 24492K, committed 24832K, reserved 1071104K
  class space    used 3299K, capacity 3465K, committed 3584K, reserved 1048576K
}
Event: 5.764 GC heap before
{Heap before GC invocations=8 (full 1):
 PSYoungGen      total 38400K, used 37207K [0x00000000e0000000, 0x00000000e2a80000, 0x0000000100000000)
  eden space 33280K, 100% used [0x00000000e0000000,0x00000000e2080000,0x00000000e2080000)
  from space 5120K, 76% used [0x00000000e2580000,0x00000000e2955f60,0x00000000e2a80000)
  to   space 5120K, 0% used [0x00000000e2080000,0x00000000e2080000,0x00000000e2580000)
 ParOldGen       total 60928K, used 8312K [0x00000000a0000000, 0x00000000a3b80000, 0x00000000e0000000)
  object space 60928K, 13% used [0x00000000a0000000,0x00000000a081e1e8,0x00000000a3b80000)
 Metaspace       used 26657K, capacity 27126K, committed 27392K, reserved 1073152K
  class space    used 3667K, capacity 3829K, committed 3840K, reserved 1048576K
Event: 5.771 GC heap after
Heap after GC invocations=8 (full 1):
 PSYoungGen      total 38400K, used 5089K [0x00000000e0000000, 0x00000000e4580000, 0x0000000100000000)
  eden space 33280K, 0% used [0x00000000e0000000,0x00000000e0000000,0x00000000e2080000)
  from space 5120K, 99% used [0x00000000e2080000,0x00000000e2578438,0x00000000e2580000)
  to   space 10240K, 0% used [0x00000000e3b80000,0x00000000e3b80000,0x00000000e4580000)
 ParOldGen       total 60928K, used 8320K [0x00000000a0000000, 0x00000000a3b80000, 0x00000000e0000000)
  object space 60928K, 13% used [0x00000000a0000000,0x00000000a08201e8,0x00000000a3b80000)
 Metaspace       used 26657K, capacity 27126K, committed 27392K, reserved 1073152K
  class space    used 3667K, capacity 3829K, committed 3840K, reserved 1048576K
}
Event: 6.187 GC heap before
{Heap before GC invocations=9 (full 1):
 PSYoungGen      total 38400K, used 38369K [0x00000000e0000000, 0x00000000e4580000, 0x0000000100000000)
  eden space 33280K, 100% used [0x00000000e0000000,0x00000000e2080000,0x00000000e2080000)
  from space 5120K, 99% used [0x00000000e2080000,0x00000000e2578438,0x00000000e2580000)
  to   space 10240K, 0% used [0x00000000e3b80000,0x00000000e3b80000,0x00000000e4580000)
 ParOldGen       total 60928K, used 8320K [0x00000000a0000000, 0x00000000a3b80000, 0x00000000e0000000)
  object space 60928K, 13% used [0x00000000a0000000,0x00000000a08201e8,0x00000000a3b80000)
 Metaspace       used 28628K, capacity 29052K, committed 29312K, reserved 1075200K
  class space    used 4002K, capacity 4151K, committed 4224K, reserved 1048576K
Event: 6.193 GC heap after
Heap after GC invocations=9 (full 1):
 PSYoungGen      total 59904K, used 5905K [0x00000000e0000000, 0x00000000e4480000, 0x0000000100000000)
  eden space 50688K, 0% used [0x00000000e0000000,0x00000000e0000000,0x00000000e3180000)
  from space 9216K, 64% used [0x00000000e3b80000,0x00000000e41444f0,0x00000000e4480000)
  to   space 9728K, 0% used [0x00000000e3180000,0x00000000e3180000,0x00000000e3b00000)
 ParOldGen       total 60928K, used 8328K [0x00000000a0000000, 0x00000000a3b80000, 0x00000000e0000000)
  object space 60928K, 13% used [0x00000000a0000000,0x00000000a08221e8,0x00000000a3b80000)
 Metaspace       used 28628K, capacity 29052K, committed 29312K, reserved 1075200K
  class space    used 4002K, capacity 4151K, committed 4224K, reserved 1048576K
}

