# JRE version: OpenJDK Runtime Environment (8.0_152-b06) (build 1.8.0_152-release-1136-b06)
# Java VM: OpenJDK 64-Bit Server VM (25.152-b06 mixed mode windows-amd64 compressed oops)
Heap:
 PSYoungGen      total 379904K, used 39841K [0x00000000e0000000, 0x00000000f8780000, 0x0000000100000000)
  eden space 358912K, 10% used [0x00000000e0000000,0x00000000e23f4008,0x00000000f5e80000)
  from space 20992K, 14% used [0x00000000f7280000,0x00000000f7574718,0x00000000f8700000)
  to   space 20480K, 0% used [0x00000000f5e80000,0x00000000f5e80000,0x00000000f7280000)
 ParOldGen       total 122368K, used 57814K [0x00000000a0000000, 0x00000000a7780000, 0x00000000e0000000)
  object space 122368K, 47% used [0x00000000a0000000,0x00000000a3875940,0x00000000a7780000)
 Metaspace       used 85221K, capacity 88885K, committed 89048K, reserved 1126400K
  class space    used 11028K, capacity 11727K, committed 11776K, reserved 1048576K
GC Heap History (10 events):
Event: 164.457 GC heap before
{Heap before GC invocations=23 (full 3):
 PSYoungGen      total 319488K, used 313262K [0x00000000e0000000, 0x00000000f8700000, 0x0000000100000000)
  eden space 299008K, 100% used [0x00000000e0000000,0x00000000f2400000,0x00000000f2400000)
  from space 20480K, 69% used [0x00000000f2400000,0x00000000f31eba48,0x00000000f3800000)
  to   space 20992K, 0% used [0x00000000f7280000,0x00000000f7280000,0x00000000f8700000)
 ParOldGen       total 122368K, used 50082K [0x00000000a0000000, 0x00000000a7780000, 0x00000000e0000000)
  object space 122368K, 40% used [0x00000000a0000000,0x00000000a30e8bf0,0x00000000a7780000)
 Metaspace       used 84974K, capacity 88665K, committed 88792K, reserved 1126400K
  class space    used 11017K, capacity 11721K, committed 11776K, reserved 1048576K
Event: 164.520 GC heap after
Heap after GC invocations=23 (full 3):
 PSYoungGen      total 379904K, used 12684K [0x00000000e0000000, 0x00000000f8780000, 0x0000000100000000)
  eden space 358912K, 0% used [0x00000000e0000000,0x00000000e0000000,0x00000000f5e80000)
  from space 20992K, 60% used [0x00000000f7280000,0x00000000f7ee3158,0x00000000f8700000)
  to   space 20480K, 0% used [0x00000000f5e80000,0x00000000f5e80000,0x00000000f7280000)
 ParOldGen       total 122368K, used 50860K [0x00000000a0000000, 0x00000000a7780000, 0x00000000e0000000)
  object space 122368K, 41% used [0x00000000a0000000,0x00000000a31ab130,0x00000000a7780000)
 Metaspace       used 84974K, capacity 88665K, committed 88792K, reserved 1126400K
  class space    used 11017K, capacity 11721K, committed 11776K, reserved 1048576K
}
Event: 168.660 GC heap before
{Heap before GC invocations=24 (full 3):
 PSYoungGen      total 379904K, used 371596K [0x00000000e0000000, 0x00000000f8780000, 0x0000000100000000)
  eden space 358912K, 100% used [0x00000000e0000000,0x00000000f5e80000,0x00000000f5e80000)
  from space 20992K, 60% used [0x00000000f7280000,0x00000000f7ee3158,0x00000000f8700000)
  to   space 20480K, 0% used [0x00000000f5e80000,0x00000000f5e80000,0x00000000f7280000)
 ParOldGen       total 122368K, used 50860K [0x00000000a0000000, 0x00000000a7780000, 0x00000000e0000000)
  object space 122368K, 41% used [0x00000000a0000000,0x00000000a31ab130,0x00000000a7780000)
 Metaspace       used 85040K, capacity 88731K, committed 88792K, reserved 1126400K
  class space    used 11017K, capacity 11722K, committed 11776K, reserved 1048576K
Event: 168.876 GC heap after
Heap after GC invocations=24 (full 3):
 PSYoungGen      total 379392K, used 15284K [0x00000000e0000000, 0x00000000f8780000, 0x0000000100000000)
  eden space 358912K, 0% used [0x00000000e0000000,0x00000000e0000000,0x00000000f5e80000)
  from space 20480K, 74% used [0x00000000f5e80000,0x00000000f6d6d0a8,0x00000000f7280000)
  to   space 20992K, 0% used [0x00000000f7280000,0x00000000f7280000,0x00000000f8700000)
 ParOldGen       total 122368K, used 51944K [0x00000000a0000000, 0x00000000a7780000, 0x00000000e0000000)
  object space 122368K, 42% used [0x00000000a0000000,0x00000000a32ba1d0,0x00000000a7780000)
 Metaspace       used 85040K, capacity 88731K, committed 88792K, reserved 1126400K
  class space    used 11017K, capacity 11722K, committed 11776K, reserved 1048576K
}
Event: 173.059 GC heap before
{Heap before GC invocations=25 (full 3):
 PSYoungGen      total 379392K, used 374196K [0x00000000e0000000, 0x00000000f8780000, 0x0000000100000000)
  eden space 358912K, 100% used [0x00000000e0000000,0x00000000f5e80000,0x00000000f5e80000)
  from space 20480K, 74% used [0x00000000f5e80000,0x00000000f6d6d0a8,0x00000000f7280000)
  to   space 20992K, 0% used [0x00000000f7280000,0x00000000f7280000,0x00000000f8700000)
 ParOldGen       total 122368K, used 51944K [0x00000000a0000000, 0x00000000a7780000, 0x00000000e0000000)
  object space 122368K, 42% used [0x00000000a0000000,0x00000000a32ba1d0,0x00000000a7780000)
 Metaspace       used 85088K, capacity 88819K, committed 89048K, reserved 1126400K
  class space    used 11020K, capacity 11726K, committed 11776K, reserved 1048576K
Event: 173.332 GC heap after
Heap after GC invocations=25 (full 3):
 PSYoungGen      total 379904K, used 6393K [0x00000000e0000000, 0x00000000f8780000, 0x0000000100000000)
  eden space 358912K, 0% used [0x00000000e0000000,0x00000000e0000000,0x00000000f5e80000)
  from space 20992K, 30% used [0x00000000f7280000,0x00000000f78be480,0x00000000f8700000)
  to   space 20480K, 0% used [0x00000000f5e80000,0x00000000f5e80000,0x00000000f7280000)
 ParOldGen       total 122368K, used 57507K [0x00000000a0000000, 0x00000000a7780000, 0x00000000e0000000)
  object space 122368K, 46% used [0x00000000a0000000,0x00000000a3828d18,0x00000000a7780000)
 Metaspace       used 85088K, capacity 88819K, committed 89048K, reserved 1126400K
  class space    used 11020K, capacity 11726K, committed 11776K, reserved 1048576K
}
Event: 177.037 GC heap before
{Heap before GC invocations=26 (full 3):
 PSYoungGen      total 379904K, used 365305K [0x00000000e0000000, 0x00000000f8780000, 0x0000000100000000)
  eden space 358912K, 100% used [0x00000000e0000000,0x00000000f5e80000,0x00000000f5e80000)
  from space 20992K, 30% used [0x00000000f7280000,0x00000000f78be480,0x00000000f8700000)
  to   space 20480K, 0% used [0x00000000f5e80000,0x00000000f5e80000,0x00000000f7280000)
 ParOldGen       total 122368K, used 57507K [0x00000000a0000000, 0x00000000a7780000, 0x00000000e0000000)
  object space 122368K, 46% used [0x00000000a0000000,0x00000000a3828d18,0x00000000a7780000)
 Metaspace       used 85125K, capacity 88821K, committed 89048K, reserved 1126400K
  class space    used 11021K, capacity 11727K, committed 11776K, reserved 1048576K
Event: 177.191 GC heap after
Heap after GC invocations=26 (full 3):
 PSYoungGen      total 379392K, used 5504K [0x00000000e0000000, 0x00000000f8780000, 0x0000000100000000)
  eden space 358912K, 0% used [0x00000000e0000000,0x00000000e0000000,0x00000000f5e80000)
  from space 20480K, 26% used [0x00000000f5e80000,0x00000000f63e00f8,0x00000000f7280000)
  to   space 20992K, 0% used [0x00000000f7280000,0x00000000f7280000,0x00000000f8700000)
 ParOldGen       total 122368K, used 57515K [0x00000000a0000000, 0x00000000a7780000, 0x00000000e0000000)
  object space 122368K, 47% used [0x00000000a0000000,0x00000000a382ad18,0x00000000a7780000)
 Metaspace       used 85125K, capacity 88821K, committed 89048K, reserved 1126400K
  class space    used 11021K, capacity 11727K, committed 11776K, reserved 1048576K
}
Event: 187.209 GC heap before
{Heap before GC invocations=27 (full 3):
 PSYoungGen      total 379392K, used 364416K [0x00000000e0000000, 0x00000000f8780000, 0x0000000100000000)
  eden space 358912K, 100% used [0x00000000e0000000,0x00000000f5e80000,0x00000000f5e80000)
  from space 20480K, 26% used [0x00000000f5e80000,0x00000000f63e00f8,0x00000000f7280000)
  to   space 20992K, 0% used [0x00000000f7280000,0x00000000f7280000,0x00000000f8700000)
 ParOldGen       total 122368K, used 57515K [0x00000000a0000000, 0x00000000a7780000, 0x00000000e0000000)
  object space 122368K, 47% used [0x00000000a0000000,0x00000000a382ad18,0x00000000a7780000)
 Metaspace       used 85198K, capacity 88885K, committed 89048K, reserved 1126400K
  class space    used 11028K, capacity 11727K, committed 11776K, reserved 1048576K
Event: 187.350 GC heap after
Heap after GC invocations=27 (full 3):
 PSYoungGen      total 379904K, used 3025K [0x00000000e0000000, 0x00000000f8780000, 0x0000000100000000)
  eden space 358912K, 0% used [0x00000000e0000000,0x00000000e0000000,0x00000000f5e80000)
  from space 20992K, 14% used [0x00000000f7280000,0x00000000f7574718,0x00000000f8700000)
  to   space 20480K, 0% used [0x00000000f5e80000,0x00000000f5e80000,0x00000000f7280000)
 ParOldGen       total 122368K, used 57814K [0x00000000a0000000, 0x00000000a7780000, 0x00000000e0000000)
  object space 122368K, 47% used [0x00000000a0000000,0x00000000a3875940,0x00000000a7780000)
 Metaspace       used 85198K, capacity 88885K, committed 89048K, reserved 1126400K
  class space    used 11028K, capacity 11727K, committed 11776K, reserved 1048576K
}

