# JRE version: OpenJDK Runtime Environment (8.0_152-b06) (build 1.8.0_152-release-1136-b06)
# Java VM: OpenJDK 64-Bit Server VM (25.152-b06 mixed mode windows-amd64 compressed oops)
Heap:
 PSYoungGen      total 357888K, used 80643K [0x00000000e0000000, 0x00000000f9200000, 0x0000000100000000)
  eden space 304128K, 22% used [0x00000000e0000000,0x00000000e439c998,0x00000000f2900000)
  from space 53760K, 21% used [0x00000000f2900000,0x00000000f3424298,0x00000000f5d80000)
  to   space 48640K, 0% used [0x00000000f6280000,0x00000000f6280000,0x00000000f9200000)
 ParOldGen       total 228864K, used 82695K [0x00000000a0000000, 0x00000000adf80000, 0x00000000e0000000)
  object space 228864K, 36% used [0x00000000a0000000,0x00000000a50c1cc0,0x00000000adf80000)
 Metaspace       used 92271K, capacity 97879K, committed 98904K, reserved 1136640K
  class space    used 11411K, capacity 12357K, committed 12672K, reserved 1048576K
GC Heap History (10 events):
Event: 22978.342 GC heap before
{Heap before GC invocations=59 (full 4):
 PSYoungGen      total 316928K, used 272605K [0x00000000e0000000, 0x00000000f7100000, 0x0000000100000000)
  eden space 264192K, 100% used [0x00000000e0000000,0x00000000f0200000,0x00000000f0200000)
  from space 52736K, 15% used [0x00000000f3d80000,0x00000000f45b7628,0x00000000f7100000)
  to   space 56832K, 0% used [0x00000000f0200000,0x00000000f0200000,0x00000000f3980000)
 ParOldGen       total 228864K, used 82391K [0x00000000a0000000, 0x00000000adf80000, 0x00000000e0000000)
  object space 228864K, 36% used [0x00000000a0000000,0x00000000a5075cc0,0x00000000adf80000)
 Metaspace       used 91588K, capacity 97131K, committed 98264K, reserved 1134592K
  class space    used 11370K, capacity 12298K, committed 12544K, reserved 1048576K
Event: 22978.391 GC heap after
Heap after GC invocations=59 (full 4):
 PSYoungGen      total 321024K, used 12956K [0x00000000e0000000, 0x00000000f8180000, 0x0000000100000000)
  eden space 264192K, 0% used [0x00000000e0000000,0x00000000e0000000,0x00000000f0200000)
  from space 56832K, 22% used [0x00000000f0200000,0x00000000f0ea7048,0x00000000f3980000)
  to   space 54784K, 0% used [0x00000000f4c00000,0x00000000f4c00000,0x00000000f8180000)
 ParOldGen       total 228864K, used 82495K [0x00000000a0000000, 0x00000000adf80000, 0x00000000e0000000)
  object space 228864K, 36% used [0x00000000a0000000,0x00000000a508fcc0,0x00000000adf80000)
 Metaspace       used 91588K, capacity 97131K, committed 98264K, reserved 1134592K
  class space    used 11370K, capacity 12298K, committed 12544K, reserved 1048576K
}
Event: 22981.092 GC heap before
{Heap before GC invocations=60 (full 4):
 PSYoungGen      total 321024K, used 277148K [0x00000000e0000000, 0x00000000f8180000, 0x0000000100000000)
  eden space 264192K, 100% used [0x00000000e0000000,0x00000000f0200000,0x00000000f0200000)
  from space 56832K, 22% used [0x00000000f0200000,0x00000000f0ea7048,0x00000000f3980000)
  to   space 54784K, 0% used [0x00000000f4c00000,0x00000000f4c00000,0x00000000f8180000)
 ParOldGen       total 228864K, used 82495K [0x00000000a0000000, 0x00000000adf80000, 0x00000000e0000000)
  object space 228864K, 36% used [0x00000000a0000000,0x00000000a508fcc0,0x00000000adf80000)
 Metaspace       used 91677K, capacity 97267K, committed 98264K, reserved 1134592K
  class space    used 11373K, capacity 12302K, committed 12544K, reserved 1048576K
Event: 22981.166 GC heap after
Heap after GC invocations=60 (full 4):
 PSYoungGen      total 337920K, used 35443K [0x00000000e0000000, 0x00000000f8900000, 0x0000000100000000)
  eden space 283136K, 0% used [0x00000000e0000000,0x00000000e0000000,0x00000000f1480000)
  from space 54784K, 64% used [0x00000000f4c00000,0x00000000f6e9cf68,0x00000000f8180000)
  to   space 56832K, 0% used [0x00000000f1480000,0x00000000f1480000,0x00000000f4c00000)
 ParOldGen       total 228864K, used 82543K [0x00000000a0000000, 0x00000000adf80000, 0x00000000e0000000)
  object space 228864K, 36% used [0x00000000a0000000,0x00000000a509bcc0,0x00000000adf80000)
 Metaspace       used 91677K, capacity 97267K, committed 98264K, reserved 1134592K
  class space    used 11373K, capacity 12302K, committed 12544K, reserved 1048576K
}
Event: 22985.436 GC heap before
{Heap before GC invocations=61 (full 4):
 PSYoungGen      total 337920K, used 318031K [0x00000000e0000000, 0x00000000f8900000, 0x0000000100000000)
  eden space 283136K, 99% used [0x00000000e0000000,0x00000000f13f6eb8,0x00000000f1480000)
  from space 54784K, 64% used [0x00000000f4c00000,0x00000000f6e9cf68,0x00000000f8180000)
  to   space 56832K, 0% used [0x00000000f1480000,0x00000000f1480000,0x00000000f4c00000)
 ParOldGen       total 228864K, used 82543K [0x00000000a0000000, 0x00000000adf80000, 0x00000000e0000000)
  object space 228864K, 36% used [0x00000000a0000000,0x00000000a509bcc0,0x00000000adf80000)
 Metaspace       used 91798K, capacity 97393K, committed 98520K, reserved 1134592K
  class space    used 11384K, capacity 12315K, committed 12544K, reserved 1048576K
Event: 22985.505 GC heap after
Heap after GC invocations=61 (full 4):
 PSYoungGen      total 339968K, used 13055K [0x00000000e0000000, 0x00000000f9800000, 0x0000000100000000)
  eden space 283136K, 0% used [0x00000000e0000000,0x00000000e0000000,0x00000000f1480000)
  from space 56832K, 22% used [0x00000000f1480000,0x00000000f213fda8,0x00000000f4c00000)
  to   space 54784K, 0% used [0x00000000f6280000,0x00000000f6280000,0x00000000f9800000)
 ParOldGen       total 228864K, used 82583K [0x00000000a0000000, 0x00000000adf80000, 0x00000000e0000000)
  object space 228864K, 36% used [0x00000000a0000000,0x00000000a50a5cc0,0x00000000adf80000)
 Metaspace       used 91798K, capacity 97393K, committed 98520K, reserved 1134592K
  class space    used 11384K, capacity 12315K, committed 12544K, reserved 1048576K
}
Event: 23009.595 GC heap before
{Heap before GC invocations=62 (full 4):
 PSYoungGen      total 339968K, used 295771K [0x00000000e0000000, 0x00000000f9800000, 0x0000000100000000)
  eden space 283136K, 99% used [0x00000000e0000000,0x00000000f1417010,0x00000000f1480000)
  from space 56832K, 22% used [0x00000000f1480000,0x00000000f213fda8,0x00000000f4c00000)
  to   space 54784K, 0% used [0x00000000f6280000,0x00000000f6280000,0x00000000f9800000)
 ParOldGen       total 228864K, used 82583K [0x00000000a0000000, 0x00000000adf80000, 0x00000000e0000000)
  object space 228864K, 36% used [0x00000000a0000000,0x00000000a50a5cc0,0x00000000adf80000)
 Metaspace       used 92010K, capacity 97557K, committed 98648K, reserved 1134592K
  class space    used 11404K, capacity 12347K, committed 12672K, reserved 1048576K
Event: 23009.602 GC heap after
Heap after GC invocations=62 (full 4):
 PSYoungGen      total 352768K, used 8483K [0x00000000e0000000, 0x00000000f9200000, 0x0000000100000000)
  eden space 304128K, 0% used [0x00000000e0000000,0x00000000e0000000,0x00000000f2900000)
  from space 48640K, 17% used [0x00000000f6280000,0x00000000f6ac8e50,0x00000000f9200000)
  to   space 53760K, 0% used [0x00000000f2900000,0x00000000f2900000,0x00000000f5d80000)
 ParOldGen       total 228864K, used 82639K [0x00000000a0000000, 0x00000000adf80000, 0x00000000e0000000)
  object space 228864K, 36% used [0x00000000a0000000,0x00000000a50b3cc0,0x00000000adf80000)
 Metaspace       used 92010K, capacity 97557K, committed 98648K, reserved 1134592K
  class space    used 11404K, capacity 12347K, committed 12672K, reserved 1048576K
}
Event: 23044.448 GC heap before
{Heap before GC invocations=63 (full 4):
 PSYoungGen      total 352768K, used 312611K [0x00000000e0000000, 0x00000000f9200000, 0x0000000100000000)
  eden space 304128K, 100% used [0x00000000e0000000,0x00000000f2900000,0x00000000f2900000)
  from space 48640K, 17% used [0x00000000f6280000,0x00000000f6ac8e50,0x00000000f9200000)
  to   space 53760K, 0% used [0x00000000f2900000,0x00000000f2900000,0x00000000f5d80000)
 ParOldGen       total 228864K, used 82639K [0x00000000a0000000, 0x00000000adf80000, 0x00000000e0000000)
  object space 228864K, 36% used [0x00000000a0000000,0x00000000a50b3cc0,0x00000000adf80000)
 Metaspace       used 92183K, capacity 97815K, committed 98904K, reserved 1136640K
  class space    used 11411K, capacity 12357K, committed 12672K, reserved 1048576K
Event: 23044.654 GC heap after
Heap after GC invocations=63 (full 4):
 PSYoungGen      total 357888K, used 11408K [0x00000000e0000000, 0x00000000f9200000, 0x0000000100000000)
  eden space 304128K, 0% used [0x00000000e0000000,0x00000000e0000000,0x00000000f2900000)
  from space 53760K, 21% used [0x00000000f2900000,0x00000000f3424298,0x00000000f5d80000)
  to   space 48640K, 0% used [0x00000000f6280000,0x00000000f6280000,0x00000000f9200000)
 ParOldGen       total 228864K, used 82695K [0x00000000a0000000, 0x00000000adf80000, 0x00000000e0000000)
  object space 228864K, 36% used [0x00000000a0000000,0x00000000a50c1cc0,0x00000000adf80000)
 Metaspace       used 92183K, capacity 97815K, committed 98904K, reserved 1136640K
  class space    used 11411K, capacity 12357K, committed 12672K, reserved 1048576K
}

